<?xml version="1.0" encoding="UTF-8"?>
<testsuite xmlns:xsi="http://www.w3.org/2001/XMLSchema-instance" xsi:noNamespaceSchemaLocation="https://maven.apache.org/surefire/maven-surefire-plugin/xsd/surefire-test-report-3.0.xsd" version="3.0" name="com.prodapt.learningspring.LearningSpringApplicationTests" time="21.192" tests="1" errors="0" skipped="0" failures="0">
  <properties>
[...]
</properties>
  <testcase name="contextLoads" classname="com.prodapt.learningspring.LearningSpringApplicationTests" time="1.281">
    <system-out><![CDATA[11:27:45.776 [main] INFO org.springframework.test.context.support.AnnotationConfigContextLoaderUtils -- Could not detect default configuration classes for test class [com.prodapt.learningspring.LearningSpringApplicationTests]: LearningSpringApplicationTests does not declare any static, non-private, non-final, nested classes annotated with @Configuration.
11:27:45.951 [main] INFO org.springframework.boot.test.context.SpringBootTestContextBootstrapper -- Found @SpringBootConfiguration com.prodapt.learningspring.LearningSpringApplication for test class com.prodapt.learningspring.LearningSpringApplicationTests

  .   ____          _            __ _ _
 /\\ / ___'_ __ _ _(_)_ __  __ _ \ \ \ \
( ( )\___ | '_ | '_| | '_ \/ _` | \ \ \ \
 \\/  ___)| |_)| | | | | || (_| |  ) ) ) )
  '  |____| .__|_| |_|_| |_\__, | / / / /
 =========|_|==============|___/=/_/_/_/
 :: Spring Boot ::                (v3.1.3)

2023-09-06T11:27:46.591+05:30  INFO 23776 --- [           main] c.p.l.LearningSpringApplicationTests     : Starting LearningSpringApplicationTests using Java 17.0.8 with PID 23776 (started by joseph_b in /home/joseph_b/eclipse-workspace/learning-spring)
2023-09-06T11:27:46.600+05:30  INFO 23776 --- [           main] c.p.l.LearningSpringApplicationTests     : No active profile set, falling back to 1 default profile: "default"
2023-09-06T11:27:47.773+05:30  INFO 23776 --- [           main] .s.d.r.c.RepositoryConfigurationDelegate : Bootstrapping Spring Data JPA repositories in DEFAULT mode.
2023-09-06T11:27:47.900+05:30  INFO 23776 --- [           main] .s.d.r.c.RepositoryConfigurationDelegate : Finished Spring Data repository scanning in 112 ms. Found 4 JPA repository interfaces.
2023-09-06T11:27:48.943+05:30  INFO 23776 --- [           main] o.hibernate.jpa.internal.util.LogHelper  : HHH000204: Processing PersistenceUnitInfo [name: default]
2023-09-06T11:27:49.045+05:30  INFO 23776 --- [           main] org.hibernate.Version                    : HHH000412: Hibernate ORM core version 6.2.7.Final
2023-09-06T11:27:49.050+05:30  INFO 23776 --- [           main] org.hibernate.cfg.Environment            : HHH000406: Using bytecode reflection optimizer
2023-09-06T11:27:49.278+05:30  INFO 23776 --- [           main] o.h.b.i.BytecodeProviderInitiator        : HHH000021: Bytecode provider name : bytebuddy
2023-09-06T11:27:49.507+05:30  INFO 23776 --- [           main] o.s.o.j.p.SpringPersistenceUnitInfo      : No LoadTimeWeaver setup: ignoring JPA class transformer
2023-09-06T11:27:49.534+05:30  INFO 23776 --- [           main] com.zaxxer.hikari.HikariDataSource       : HikariPool-1 - Starting...
2023-09-06T11:27:50.055+05:30  INFO 23776 --- [           main] com.zaxxer.hikari.pool.HikariPool        : HikariPool-1 - Added connection com.mysql.cj.jdbc.ConnectionImpl@26a45089
2023-09-06T11:27:50.059+05:30  INFO 23776 --- [           main] com.zaxxer.hikari.HikariDataSource       : HikariPool-1 - Start completed.
2023-09-06T11:27:50.139+05:30  WARN 23776 --- [           main] org.hibernate.orm.deprecation            : HHH90000026: MySQL8Dialect has been deprecated; use org.hibernate.dialect.MySQLDialect instead
2023-09-06T11:27:50.576+05:30  INFO 23776 --- [           main] o.h.b.i.BytecodeProviderInitiator        : HHH000021: Bytecode provider name : bytebuddy
2023-09-06T11:27:50.754+05:30  WARN 23776 --- [           main] org.hibernate.mapping.RootClass          : HHH000038: Composite-id class does not override equals(): com.prodapt.learningspring.entity.LikeId
2023-09-06T11:27:50.755+05:30  WARN 23776 --- [           main] org.hibernate.mapping.RootClass          : HHH000039: Composite-id class does not override hashCode(): com.prodapt.learningspring.entity.LikeId
2023-09-06T11:27:51.586+05:30  INFO 23776 --- [           main] o.h.e.t.j.p.i.JtaPlatformInitiator       : HHH000490: Using JtaPlatform implementation: [org.hibernate.engine.transaction.jta.platform.internal.NoJtaPlatform]
Hibernate: create table like_record (id bigint, user_id bigint not null, post_id bigint not null, primary key (post_id, user_id)) engine=InnoDB
Hibernate: create table post (id bigint not null auto_increment, content varchar(255), author_id bigint, primary key (id)) engine=InnoDB
Hibernate: create table user (id bigint not null auto_increment, name varchar(255), password varchar(255), primary key (id)) engine=InnoDB
Hibernate: alter table like_record drop index UK_likejl294auqf272f3avvfnl6
Hibernate: alter table like_record add constraint UK_likejl294auqf272f3avvfnl6 unique (id)
Hibernate: alter table like_record add constraint FK2affkykoo61yvjfrqk288vr7t foreign key (user_id) references user (id)
Hibernate: alter table like_record add constraint FKi1ybbqdnfbfocoy9uca12hrb1 foreign key (post_id) references post (id)
Hibernate: alter table post add constraint FK12njtf8e0jmyb45lqfpt6ad89 foreign key (author_id) references user (id)
2023-09-06T11:28:02.191+05:30  INFO 23776 --- [           main] j.LocalContainerEntityManagerFactoryBean : Initialized JPA EntityManagerFactory for persistence unit 'default'
2023-09-06T11:28:02.842+05:30  INFO 23776 --- [           main] o.s.d.j.r.query.QueryEnhancerFactory     : Hibernate is in classpath; If applicable, HQL parser will be used.
2023-09-06T11:28:04.202+05:30  WARN 23776 --- [           main] JpaBaseConfiguration$JpaWebConfiguration : spring.jpa.open-in-view is enabled by default. Therefore, database queries may be performed during view rendering. Explicitly configure spring.jpa.open-in-view to disable this warning
2023-09-06T11:28:04.871+05:30  INFO 23776 --- [           main] o.s.b.a.w.s.WelcomePageHandlerMapping    : Adding welcome page: class path resource [static/index.html]
2023-09-06T11:28:05.404+05:30  INFO 23776 --- [           main] c.p.l.LearningSpringApplicationTests     : Started LearningSpringApplicationTests in 19.215 seconds (process running for 20.641)
]]></system-out>
  </testcase>
</testsuite>